Total Epoch:65 Image_size:(256, 256) Training num:12813  Validation num:3204
[train] epoch:0 iter:0/801 0.00% lr:0.000300 loss:1.794128 ETA:49.0min
[train] epoch:0 iter:50/801 6.24% lr:0.000300 loss:1.311421 ETA:7.0min
[train] epoch:0 iter:100/801 12.48% lr:0.000299 loss:0.960237 ETA:7.0min
[train] epoch:0 iter:150/801 18.73% lr:0.000297 loss:0.871829 ETA:5.0min
[train] epoch:0 iter:200/801 24.97% lr:0.000295 loss:0.839805 ETA:6.0min
[train] epoch:0 iter:250/801 31.21% lr:0.000292 loss:0.834783 ETA:5.0min
[train] epoch:0 iter:300/801 37.45% lr:0.000289 loss:0.825505 ETA:5.0min
[train] epoch:0 iter:350/801 43.70% lr:0.000285 loss:0.791896 ETA:3.0min
[train] epoch:0 iter:400/801 49.94% lr:0.000281 loss:0.812921 ETA:4.0min
[train] epoch:0 iter:450/801 56.18% lr:0.000276 loss:0.786042 ETA:4.0min
[train] epoch:0 iter:500/801 62.42% lr:0.000270 loss:0.801103 ETA:3.0min
[train] epoch:0 iter:550/801 68.66% lr:0.000264 loss:0.796957 ETA:3.0min
[train] epoch:0 iter:600/801 74.91% lr:0.000258 loss:0.788205 ETA:2.0min
[train] epoch:0 iter:650/801 81.15% lr:0.000251 loss:0.762763 ETA:2.0min
[train] epoch:0 iter:700/801 87.39% lr:0.000243 loss:0.771359 ETA:1.0min
[train] epoch:0 iter:750/801 93.63% lr:0.000236 loss:0.775486 ETA:1.0min
[train] epoch:0 iter:800/801 99.88% lr:0.000228 loss:0.764231 ETA:0.0min
[val] epoch:0 miou:0.25
[save] Best Model saved at epoch:0 =============================
[train] epoch:1 iter:0/801 0.00% lr:0.000227 loss:0.918465 ETA:11.0min
[train] epoch:1 iter:50/801 6.24% lr:0.000219 loss:0.778653 ETA:5.0min
[train] epoch:1 iter:100/801 12.48% lr:0.000211 loss:0.766001 ETA:6.0min
[train] epoch:1 iter:150/801 18.73% lr:0.000202 loss:0.755348 ETA:5.0min
[train] epoch:1 iter:200/801 24.97% lr:0.000193 loss:0.762714 ETA:5.0min
[train] epoch:1 iter:250/801 31.21% lr:0.000183 loss:0.745906 ETA:4.0min
[train] epoch:1 iter:300/801 37.45% lr:0.000174 loss:0.754182 ETA:4.0min
[train] epoch:1 iter:350/801 43.70% lr:0.000165 loss:0.757146 ETA:3.0min
[train] epoch:1 iter:400/801 49.94% lr:0.000155 loss:0.747621 ETA:3.0min
[train] epoch:1 iter:450/801 56.18% lr:0.000146 loss:0.734650 ETA:3.0min
[train] epoch:1 iter:500/801 62.42% lr:0.000136 loss:0.744140 ETA:2.0min
[train] epoch:1 iter:550/801 68.66% lr:0.000127 loss:0.741822 ETA:3.0min
[train] epoch:1 iter:600/801 74.91% lr:0.000118 loss:0.743267 ETA:2.0min
[train] epoch:1 iter:650/801 81.15% lr:0.000109 loss:0.748667 ETA:2.0min
[train] epoch:1 iter:700/801 87.39% lr:0.000100 loss:0.739254 ETA:1.0min
[train] epoch:1 iter:750/801 93.63% lr:0.000091 loss:0.755421 ETA:1.0min
[train] epoch:1 iter:800/801 99.88% lr:0.000083 loss:0.733421 ETA:0.0min
[val] epoch:1 miou:0.31
[save] Best Model saved at epoch:1 =============================
[train] epoch:2 iter:0/801 0.00% lr:0.000083 loss:0.768360 ETA:12.0min
[train] epoch:2 iter:50/801 6.24% lr:0.000074 loss:0.744790 ETA:6.0min
[train] epoch:2 iter:100/801 12.48% lr:0.000067 loss:0.732786 ETA:6.0min
[train] epoch:2 iter:150/801 18.73% lr:0.000059 loss:0.748280 ETA:5.0min
[train] epoch:2 iter:200/801 24.97% lr:0.000053 loss:0.738093 ETA:6.0min
[train] epoch:2 iter:250/801 31.21% lr:0.000046 loss:0.726593 ETA:5.0min
[train] epoch:2 iter:300/801 37.45% lr:0.000040 loss:0.735979 ETA:5.0min
[train] epoch:2 iter:350/801 43.70% lr:0.000034 loss:0.731821 ETA:4.0min
[train] epoch:2 iter:400/801 49.94% lr:0.000029 loss:0.730075 ETA:4.0min
[train] epoch:2 iter:450/801 56.18% lr:0.000025 loss:0.734313 ETA:4.0min
[train] epoch:2 iter:500/801 62.42% lr:0.000021 loss:0.724221 ETA:2.0min
[train] epoch:2 iter:550/801 68.66% lr:0.000018 loss:0.743548 ETA:2.0min
[train] epoch:2 iter:600/801 74.91% lr:0.000015 loss:0.725424 ETA:2.0min
[train] epoch:2 iter:650/801 81.15% lr:0.000013 loss:0.732252 ETA:1.0min
[train] epoch:2 iter:700/801 87.39% lr:0.000011 loss:0.727373 ETA:1.0min
[train] epoch:2 iter:750/801 93.63% lr:0.000010 loss:0.722780 ETA:1.0min
[train] epoch:2 iter:800/801 99.88% lr:0.000010 loss:0.725605 ETA:0.0min
[val] epoch:2 miou:0.32
[save] Best Model saved at epoch:2 =============================
[train] epoch:3 iter:0/801 0.00% lr:0.000300 loss:0.642359 ETA:14.0min
[train] epoch:3 iter:50/801 6.24% lr:0.000300 loss:0.743305 ETA:6.0min
[train] epoch:3 iter:100/801 12.48% lr:0.000300 loss:0.760992 ETA:7.0min
[train] epoch:3 iter:150/801 18.73% lr:0.000299 loss:0.734819 ETA:6.0min
[train] epoch:3 iter:200/801 24.97% lr:0.000299 loss:0.731061 ETA:6.0min
[train] epoch:3 iter:250/801 31.21% lr:0.000298 loss:0.739045 ETA:5.0min
[train] epoch:3 iter:300/801 37.45% lr:0.000297 loss:0.741689 ETA:5.0min
[train] epoch:3 iter:350/801 43.70% lr:0.000296 loss:0.753300 ETA:4.0min
[train] epoch:3 iter:400/801 49.94% lr:0.000295 loss:0.727523 ETA:4.0min
[train] epoch:3 iter:450/801 56.18% lr:0.000294 loss:0.728521 ETA:4.0min
[train] epoch:3 iter:500/801 62.42% lr:0.000292 loss:0.746885 ETA:3.0min
[train] epoch:3 iter:550/801 68.66% lr:0.000291 loss:0.758241 ETA:3.0min
[train] epoch:3 iter:600/801 74.91% lr:0.000289 loss:0.745735 ETA:2.0min
[train] epoch:3 iter:650/801 81.15% lr:0.000287 loss:0.737177 ETA:2.0min
[train] epoch:3 iter:700/801 87.39% lr:0.000285 loss:0.733205 ETA:1.0min
[train] epoch:3 iter:750/801 93.63% lr:0.000283 loss:0.737446 ETA:1.0min
[train] epoch:3 iter:800/801 99.88% lr:0.000281 loss:0.731866 ETA:0.0min
[val] epoch:3 miou:0.34
[save] Best Model saved at epoch:3 =============================
[train] epoch:4 iter:0/801 0.00% lr:0.000281 loss:0.688314 ETA:12.0min
[train] epoch:4 iter:50/801 6.24% lr:0.000278 loss:0.720506 ETA:7.0min
[train] epoch:4 iter:100/801 12.48% lr:0.000276 loss:0.738470 ETA:7.0min
[train] epoch:4 iter:150/801 18.73% lr:0.000273 loss:0.718773 ETA:6.0min
[train] epoch:4 iter:200/801 24.97% lr:0.000270 loss:0.718778 ETA:6.0min
[train] epoch:4 iter:250/801 31.21% lr:0.000267 loss:0.714431 ETA:5.0min
[train] epoch:4 iter:300/801 37.45% lr:0.000264 loss:0.723533 ETA:5.0min
[train] epoch:4 iter:350/801 43.70% lr:0.000261 loss:0.728522 ETA:4.0min
[train] epoch:4 iter:400/801 49.94% lr:0.000258 loss:0.737596 ETA:4.0min
[train] epoch:4 iter:450/801 56.18% lr:0.000254 loss:0.716252 ETA:3.0min
[train] epoch:4 iter:500/801 62.42% lr:0.000251 loss:0.710398 ETA:3.0min
[train] epoch:4 iter:550/801 68.66% lr:0.000247 loss:0.736133 ETA:3.0min
[train] epoch:4 iter:600/801 74.91% lr:0.000243 loss:0.721847 ETA:2.0min
[train] epoch:4 iter:650/801 81.15% lr:0.000240 loss:0.717268 ETA:2.0min
[train] epoch:4 iter:700/801 87.39% lr:0.000236 loss:0.722406 ETA:1.0min
[train] epoch:4 iter:750/801 93.63% lr:0.000232 loss:0.725357 ETA:1.0min
[train] epoch:4 iter:800/801 99.88% lr:0.000228 loss:0.719096 ETA:0.0min
[val] epoch:4 miou:0.37
[save] Best Model saved at epoch:4 =============================
[train] epoch:5 iter:0/801 0.00% lr:0.000227 loss:0.675486 ETA:11.0min
[train] epoch:5 iter:50/801 6.24% lr:0.000223 loss:0.716598 ETA:5.0min
[train] epoch:5 iter:100/801 12.48% lr:0.000219 loss:0.716928 ETA:6.0min
[train] epoch:5 iter:150/801 18.73% lr:0.000215 loss:0.723605 ETA:5.0min
[train] epoch:5 iter:200/801 24.97% lr:0.000211 loss:0.718778 ETA:6.0min
[train] epoch:5 iter:250/801 31.21% lr:0.000206 loss:0.729991 ETA:5.0min
[train] epoch:5 iter:300/801 37.45% lr:0.000202 loss:0.734503 ETA:5.0min
[train] epoch:5 iter:350/801 43.70% lr:0.000197 loss:0.719414 ETA:4.0min
[train] epoch:5 iter:400/801 49.94% lr:0.000193 loss:0.703087 ETA:4.0min
[train] epoch:5 iter:450/801 56.18% lr:0.000188 loss:0.698548 ETA:3.0min
[train] epoch:5 iter:500/801 62.42% lr:0.000183 loss:0.709136 ETA:3.0min
[train] epoch:5 iter:550/801 68.66% lr:0.000179 loss:0.713185 ETA:3.0min
[train] epoch:5 iter:600/801 74.91% lr:0.000174 loss:0.702893 ETA:2.0min
[train] epoch:5 iter:650/801 81.15% lr:0.000169 loss:0.709105 ETA:2.0min
[train] epoch:5 iter:700/801 87.39% lr:0.000165 loss:0.725448 ETA:1.0min
[train] epoch:5 iter:750/801 93.63% lr:0.000160 loss:0.716247 ETA:1.0min
[train] epoch:5 iter:800/801 99.88% lr:0.000155 loss:0.704379 ETA:0.0min
[val] epoch:5 miou:0.39
[save] Best Model saved at epoch:5 =============================
[train] epoch:6 iter:0/801 0.00% lr:0.000155 loss:0.721869 ETA:14.0min
[train] epoch:6 iter:50/801 6.24% lr:0.000150 loss:0.714045 ETA:7.0min
[train] epoch:6 iter:100/801 12.48% lr:0.000146 loss:0.705000 ETA:7.0min
[train] epoch:6 iter:150/801 18.73% lr:0.000141 loss:0.704208 ETA:6.0min
[train] epoch:6 iter:200/801 24.97% lr:0.000136 loss:0.700775 ETA:6.0min
[train] epoch:6 iter:250/801 31.21% lr:0.000131 loss:0.707453 ETA:5.0min
[train] epoch:6 iter:300/801 37.45% lr:0.000127 loss:0.715987 ETA:5.0min
[train] epoch:6 iter:350/801 43.70% lr:0.000122 loss:0.712623 ETA:4.0min
[train] epoch:6 iter:400/801 49.94% lr:0.000118 loss:0.722798 ETA:4.0min
[train] epoch:6 iter:450/801 56.18% lr:0.000113 loss:0.697558 ETA:3.0min
[train] epoch:6 iter:500/801 62.42% lr:0.000108 loss:0.701084 ETA:3.0min
[train] epoch:6 iter:550/801 68.66% lr:0.000104 loss:0.706876 ETA:3.0min
[train] epoch:6 iter:600/801 74.91% lr:0.000100 loss:0.705292 ETA:2.0min
[train] epoch:6 iter:650/801 81.15% lr:0.000095 loss:0.704922 ETA:2.0min
[train] epoch:6 iter:700/801 87.39% lr:0.000091 loss:0.694777 ETA:1.0min
[train] epoch:6 iter:750/801 93.63% lr:0.000087 loss:0.690514 ETA:1.0min
[train] epoch:6 iter:800/801 99.88% lr:0.000083 loss:0.701126 ETA:0.0min
[val] epoch:6 miou:0.39
[save] Best Model saved at epoch:6 =============================
[train] epoch:7 iter:0/801 0.00% lr:0.000083 loss:0.718679 ETA:11.0min
[train] epoch:7 iter:50/801 6.24% lr:0.000078 loss:0.679086 ETA:6.0min
[train] epoch:7 iter:100/801 12.48% lr:0.000074 loss:0.702201 ETA:7.0min
[train] epoch:7 iter:150/801 18.73% lr:0.000071 loss:0.696100 ETA:6.0min
[train] epoch:7 iter:200/801 24.97% lr:0.000067 loss:0.700187 ETA:6.0min
[train] epoch:7 iter:250/801 31.21% lr:0.000063 loss:0.697115 ETA:5.0min
[train] epoch:7 iter:300/801 37.45% lr:0.000059 loss:0.691977 ETA:5.0min
[train] epoch:7 iter:350/801 43.70% lr:0.000056 loss:0.702436 ETA:4.0min
[train] epoch:7 iter:400/801 49.94% lr:0.000053 loss:0.702417 ETA:4.0min
[train] epoch:7 iter:450/801 56.18% lr:0.000049 loss:0.703937 ETA:3.0min
[train] epoch:7 iter:500/801 62.42% lr:0.000046 loss:0.693880 ETA:3.0min
[train] epoch:7 iter:550/801 68.66% lr:0.000043 loss:0.696284 ETA:3.0min
[train] epoch:7 iter:600/801 74.91% lr:0.000040 loss:0.692223 ETA:2.0min
[train] epoch:7 iter:650/801 81.15% lr:0.000037 loss:0.695031 ETA:2.0min
[train] epoch:7 iter:700/801 87.39% lr:0.000034 loss:0.693211 ETA:1.0min
[train] epoch:7 iter:750/801 93.63% lr:0.000032 loss:0.695832 ETA:1.0min
[train] epoch:7 iter:800/801 99.88% lr:0.000029 loss:0.694805 ETA:0.0min
[val] epoch:7 miou:0.40
[save] Best Model saved at epoch:7 =============================
[train] epoch:8 iter:0/801 0.00% lr:0.000029 loss:0.726494 ETA:12.0min
[train] epoch:8 iter:50/801 6.24% lr:0.000027 loss:0.706996 ETA:7.0min
[train] epoch:8 iter:100/801 12.48% lr:0.000025 loss:0.694063 ETA:7.0min
[train] epoch:8 iter:150/801 18.73% lr:0.000023 loss:0.691098 ETA:6.0min
[train] epoch:8 iter:200/801 24.97% lr:0.000021 loss:0.699530 ETA:6.0min
[train] epoch:8 iter:250/801 31.21% lr:0.000019 loss:0.682816 ETA:5.0min
[train] epoch:8 iter:300/801 37.45% lr:0.000018 loss:0.694547 ETA:5.0min
[train] epoch:8 iter:350/801 43.70% lr:0.000016 loss:0.696051 ETA:4.0min
[train] epoch:8 iter:400/801 49.94% lr:0.000015 loss:0.674527 ETA:4.0min
[train] epoch:8 iter:450/801 56.18% lr:0.000014 loss:0.700325 ETA:3.0min
[train] epoch:8 iter:500/801 62.42% lr:0.000013 loss:0.706941 ETA:3.0min
[train] epoch:8 iter:550/801 68.66% lr:0.000012 loss:0.698248 ETA:2.0min
[train] epoch:8 iter:600/801 74.91% lr:0.000011 loss:0.691692 ETA:2.0min
[train] epoch:8 iter:650/801 81.15% lr:0.000011 loss:0.681274 ETA:1.0min
[train] epoch:8 iter:700/801 87.39% lr:0.000010 loss:0.700218 ETA:1.0min
[train] epoch:8 iter:750/801 93.63% lr:0.000010 loss:0.687526 ETA:1.0min
[train] epoch:8 iter:800/801 99.88% lr:0.000010 loss:0.682763 ETA:0.0min
[val] epoch:8 miou:0.40
[train] epoch:9 iter:0/801 0.00% lr:0.000300 loss:0.697919 ETA:13.0min
[train] epoch:9 iter:50/801 6.24% lr:0.000300 loss:0.708543 ETA:7.0min
[train] epoch:9 iter:100/801 12.48% lr:0.000300 loss:0.722780 ETA:7.0min
[train] epoch:9 iter:150/801 18.73% lr:0.000300 loss:0.708121 ETA:6.0min
[train] epoch:9 iter:200/801 24.97% lr:0.000300 loss:0.705615 ETA:6.0min
[train] epoch:9 iter:250/801 31.21% lr:0.000300 loss:0.703409 ETA:5.0min
[train] epoch:9 iter:300/801 37.45% lr:0.000299 loss:0.704571 ETA:5.0min
[train] epoch:9 iter:350/801 43.70% lr:0.000299 loss:0.702449 ETA:4.0min
[train] epoch:9 iter:400/801 49.94% lr:0.000299 loss:0.719324 ETA:4.0min
[train] epoch:9 iter:450/801 56.18% lr:0.000298 loss:0.704284 ETA:3.0min
[train] epoch:9 iter:500/801 62.42% lr:0.000298 loss:0.705896 ETA:3.0min
[train] epoch:9 iter:550/801 68.66% lr:0.000298 loss:0.709231 ETA:3.0min
[train] epoch:9 iter:600/801 74.91% lr:0.000297 loss:0.713571 ETA:2.0min
[train] epoch:9 iter:650/801 81.15% lr:0.000297 loss:0.717940 ETA:2.0min
[train] epoch:9 iter:700/801 87.39% lr:0.000296 loss:0.714936 ETA:1.0min
[train] epoch:9 iter:750/801 93.63% lr:0.000296 loss:0.696079 ETA:1.0min
[train] epoch:9 iter:800/801 99.88% lr:0.000295 loss:0.698458 ETA:0.0min
[val] epoch:9 miou:0.39
[train] epoch:10 iter:0/801 0.00% lr:0.000295 loss:0.685999 ETA:13.0min
[train] epoch:10 iter:50/801 6.24% lr:0.000294 loss:0.698130 ETA:7.0min
[train] epoch:10 iter:100/801 12.48% lr:0.000294 loss:0.700603 ETA:7.0min
[train] epoch:10 iter:150/801 18.73% lr:0.000293 loss:0.719340 ETA:6.0min
[train] epoch:10 iter:200/801 24.97% lr:0.000292 loss:0.688420 ETA:6.0min
[train] epoch:10 iter:250/801 31.21% lr:0.000292 loss:0.703057 ETA:5.0min
[train] epoch:10 iter:300/801 37.45% lr:0.000291 loss:0.700323 ETA:5.0min
[train] epoch:10 iter:350/801 43.70% lr:0.000290 loss:0.713267 ETA:4.0min
[train] epoch:10 iter:400/801 49.94% lr:0.000289 loss:0.697539 ETA:4.0min
[train] epoch:10 iter:450/801 56.18% lr:0.000288 loss:0.714206 ETA:3.0min
[train] epoch:10 iter:500/801 62.42% lr:0.000287 loss:0.722471 ETA:3.0min
[train] epoch:10 iter:550/801 68.66% lr:0.000286 loss:0.706064 ETA:3.0min
[train] epoch:10 iter:600/801 74.91% lr:0.000285 loss:0.691803 ETA:2.0min
[train] epoch:10 iter:650/801 81.15% lr:0.000284 loss:0.693942 ETA:2.0min
[train] epoch:10 iter:700/801 87.39% lr:0.000283 loss:0.699062 ETA:1.0min
[train] epoch:10 iter:750/801 93.63% lr:0.000282 loss:0.705080 ETA:1.0min
[train] epoch:10 iter:800/801 99.88% lr:0.000281 loss:0.692852 ETA:0.0min
[val] epoch:10 miou:0.39
[train] epoch:11 iter:0/801 0.00% lr:0.000281 loss:0.758401 ETA:14.0min
[train] epoch:11 iter:50/801 6.24% lr:0.000279 loss:0.698049 ETA:7.0min
[train] epoch:11 iter:100/801 12.48% lr:0.000278 loss:0.697430 ETA:7.0min
[train] epoch:11 iter:150/801 18.73% lr:0.000277 loss:0.682232 ETA:5.0min
[train] epoch:11 iter:200/801 24.97% lr:0.000276 loss:0.693005 ETA:6.0min
[train] epoch:11 iter:250/801 31.21% lr:0.000274 loss:0.694860 ETA:5.0min
[train] epoch:11 iter:300/801 37.45% lr:0.000273 loss:0.705648 ETA:5.0min
[train] epoch:11 iter:350/801 43.70% lr:0.000271 loss:0.710265 ETA:4.0min
[train] epoch:11 iter:400/801 49.94% lr:0.000270 loss:0.688876 ETA:4.0min
[train] epoch:11 iter:450/801 56.18% lr:0.000269 loss:0.700628 ETA:4.0min
[train] epoch:11 iter:500/801 62.42% lr:0.000267 loss:0.700924 ETA:3.0min
[train] epoch:11 iter:550/801 68.66% lr:0.000266 loss:0.710630 ETA:3.0min
[train] epoch:11 iter:600/801 74.91% lr:0.000264 loss:0.690208 ETA:2.0min
[train] epoch:11 iter:650/801 81.15% lr:0.000262 loss:0.687209 ETA:2.0min
[train] epoch:11 iter:700/801 87.39% lr:0.000261 loss:0.698423 ETA:1.0min
[train] epoch:11 iter:750/801 93.63% lr:0.000259 loss:0.690646 ETA:1.0min
[train] epoch:11 iter:800/801 99.88% lr:0.000258 loss:0.692838 ETA:0.0min
[val] epoch:11 miou:0.40
[train] epoch:12 iter:0/801 0.00% lr:0.000258 loss:0.741361 ETA:13.0min
[train] epoch:12 iter:50/801 6.24% lr:0.000256 loss:0.704811 ETA:6.0min
[train] epoch:12 iter:100/801 12.48% lr:0.000254 loss:0.690785 ETA:7.0min
[train] epoch:12 iter:150/801 18.73% lr:0.000252 loss:0.686025 ETA:6.0min
[train] epoch:12 iter:200/801 24.97% lr:0.000251 loss:0.692610 ETA:6.0min
[train] epoch:12 iter:250/801 31.21% lr:0.000249 loss:0.690165 ETA:5.0min
[train] epoch:12 iter:300/801 37.45% lr:0.000247 loss:0.696968 ETA:5.0min
[train] epoch:12 iter:350/801 43.70% lr:0.000245 loss:0.702084 ETA:4.0min
[train] epoch:12 iter:400/801 49.94% lr:0.000243 loss:0.695873 ETA:4.0min
[train] epoch:12 iter:450/801 56.18% lr:0.000241 loss:0.700364 ETA:3.0min
[train] epoch:12 iter:500/801 62.42% lr:0.000239 loss:0.697057 ETA:3.0min
[train] epoch:12 iter:550/801 68.66% lr:0.000238 loss:0.697109 ETA:3.0min
[train] epoch:12 iter:600/801 74.91% lr:0.000236 loss:0.680480 ETA:2.0min
[train] epoch:12 iter:650/801 81.15% lr:0.000234 loss:0.695287 ETA:2.0min
[train] epoch:12 iter:700/801 87.39% lr:0.000232 loss:0.680952 ETA:1.0min
[train] epoch:12 iter:750/801 93.63% lr:0.000230 loss:0.687538 ETA:1.0min
[train] epoch:12 iter:800/801 99.88% lr:0.000228 loss:0.694887 ETA:0.0min
[val] epoch:12 miou:0.42
[save] Best Model saved at epoch:12 =============================
[train] epoch:13 iter:0/801 0.00% lr:0.000227 loss:0.715039 ETA:11.0min
[train] epoch:13 iter:50/801 6.24% lr:0.000225 loss:0.694059 ETA:6.0min
[train] epoch:13 iter:100/801 12.48% lr:0.000223 loss:0.692855 ETA:7.0min
[train] epoch:13 iter:150/801 18.73% lr:0.000221 loss:0.698198 ETA:6.0min
[train] epoch:13 iter:200/801 24.97% lr:0.000219 loss:0.682150 ETA:6.0min
[train] epoch:13 iter:250/801 31.21% lr:0.000217 loss:0.680897 ETA:5.0min
[train] epoch:13 iter:300/801 37.45% lr:0.000215 loss:0.693471 ETA:5.0min
[train] epoch:13 iter:350/801 43.70% lr:0.000213 loss:0.693779 ETA:4.0min
[train] epoch:13 iter:400/801 49.94% lr:0.000211 loss:0.681964 ETA:4.0min
[train] epoch:13 iter:450/801 56.18% lr:0.000208 loss:0.688761 ETA:3.0min
[train] epoch:13 iter:500/801 62.42% lr:0.000206 loss:0.682629 ETA:3.0min
[train] epoch:13 iter:550/801 68.66% lr:0.000204 loss:0.684083 ETA:3.0min
[train] epoch:13 iter:600/801 74.91% lr:0.000202 loss:0.687181 ETA:2.0min
[train] epoch:13 iter:650/801 81.15% lr:0.000199 loss:0.687939 ETA:2.0min
[train] epoch:13 iter:700/801 87.39% lr:0.000197 loss:0.694104 ETA:1.0min
[train] epoch:13 iter:750/801 93.63% lr:0.000195 loss:0.688261 ETA:1.0min
[train] epoch:13 iter:800/801 99.88% lr:0.000193 loss:0.687723 ETA:0.0min
[val] epoch:13 miou:0.43
[save] Best Model saved at epoch:13 =============================
[train] epoch:14 iter:0/801 0.00% lr:0.000193 loss:0.772797 ETA:12.0min
[train] epoch:14 iter:50/801 6.24% lr:0.000190 loss:0.698431 ETA:7.0min
[train] epoch:14 iter:100/801 12.48% lr:0.000188 loss:0.677009 ETA:7.0min
[train] epoch:14 iter:150/801 18.73% lr:0.000186 loss:0.675789 ETA:6.0min
[train] epoch:14 iter:200/801 24.97% lr:0.000183 loss:0.686170 ETA:6.0min
[train] epoch:14 iter:250/801 31.21% lr:0.000181 loss:0.690248 ETA:5.0min
[train] epoch:14 iter:300/801 37.45% lr:0.000179 loss:0.682411 ETA:5.0min
[train] epoch:14 iter:350/801 43.70% lr:0.000176 loss:0.678961 ETA:4.0min
[train] epoch:14 iter:400/801 49.94% lr:0.000174 loss:0.673662 ETA:4.0min
[train] epoch:14 iter:450/801 56.18% lr:0.000172 loss:0.682189 ETA:4.0min
[train] epoch:14 iter:500/801 62.42% lr:0.000169 loss:0.701067 ETA:3.0min
[train] epoch:14 iter:550/801 68.66% lr:0.000167 loss:0.681166 ETA:3.0min
[train] epoch:14 iter:600/801 74.91% lr:0.000165 loss:0.678446 ETA:2.0min
[train] epoch:14 iter:650/801 81.15% lr:0.000162 loss:0.674381 ETA:2.0min
[train] epoch:14 iter:700/801 87.39% lr:0.000160 loss:0.669516 ETA:1.0min
[train] epoch:14 iter:750/801 93.63% lr:0.000157 loss:0.699144 ETA:1.0min
[train] epoch:14 iter:800/801 99.88% lr:0.000155 loss:0.682576 ETA:0.0min
[val] epoch:14 miou:0.44
[save] Best Model saved at epoch:14 =============================
[train] epoch:15 iter:0/801 0.00% lr:0.000155 loss:0.768024 ETA:13.0min
[train] epoch:15 iter:50/801 6.24% lr:0.000153 loss:0.695767 ETA:7.0min
[train] epoch:15 iter:100/801 12.48% lr:0.000150 loss:0.692468 ETA:7.0min
[train] epoch:15 iter:150/801 18.73% lr:0.000148 loss:0.691200 ETA:6.0min
[train] epoch:15 iter:200/801 24.97% lr:0.000146 loss:0.676404 ETA:6.0min
[train] epoch:15 iter:250/801 31.21% lr:0.000143 loss:0.680008 ETA:5.0min
[train] epoch:15 iter:300/801 37.45% lr:0.000141 loss:0.673572 ETA:5.0min
[train] epoch:15 iter:350/801 43.70% lr:0.000138 loss:0.687647 ETA:4.0min
[train] epoch:15 iter:400/801 49.94% lr:0.000136 loss:0.675784 ETA:4.0min
[train] epoch:15 iter:450/801 56.18% lr:0.000134 loss:0.671763 ETA:3.0min
[train] epoch:15 iter:500/801 62.42% lr:0.000131 loss:0.673762 ETA:3.0min
[train] epoch:15 iter:550/801 68.66% lr:0.000129 loss:0.665478 ETA:3.0min
[train] epoch:15 iter:600/801 74.91% lr:0.000127 loss:0.671281 ETA:2.0min
[train] epoch:15 iter:650/801 81.15% lr:0.000124 loss:0.688052 ETA:2.0min
[train] epoch:15 iter:700/801 87.39% lr:0.000122 loss:0.681652 ETA:1.0min
[train] epoch:15 iter:750/801 93.63% lr:0.000120 loss:0.676790 ETA:1.0min
[train] epoch:15 iter:800/801 99.88% lr:0.000118 loss:0.687636 ETA:0.0min
[val] epoch:15 miou:0.43
[train] epoch:16 iter:0/801 0.00% lr:0.000117 loss:0.708601 ETA:12.0min
[train] epoch:16 iter:50/801 6.24% lr:0.000115 loss:0.680767 ETA:7.0min
[train] epoch:16 iter:100/801 12.48% lr:0.000113 loss:0.662995 ETA:7.0min
[train] epoch:16 iter:150/801 18.73% lr:0.000111 loss:0.675124 ETA:6.0min
[train] epoch:16 iter:200/801 24.97% lr:0.000108 loss:0.678445 ETA:6.0min
[train] epoch:16 iter:250/801 31.21% lr:0.000106 loss:0.683551 ETA:5.0min
[train] epoch:16 iter:300/801 37.45% lr:0.000104 loss:0.693021 ETA:5.0min
[train] epoch:16 iter:350/801 43.70% lr:0.000102 loss:0.669004 ETA:4.0min
[train] epoch:16 iter:400/801 49.94% lr:0.000100 loss:0.667490 ETA:4.0min
[train] epoch:16 iter:450/801 56.18% lr:0.000097 loss:0.685359 ETA:3.0min
[train] epoch:16 iter:500/801 62.42% lr:0.000095 loss:0.674214 ETA:3.0min
[train] epoch:16 iter:550/801 68.66% lr:0.000093 loss:0.683662 ETA:3.0min
[train] epoch:16 iter:600/801 74.91% lr:0.000091 loss:0.667617 ETA:2.0min
[train] epoch:16 iter:650/801 81.15% lr:0.000089 loss:0.671889 ETA:2.0min
[train] epoch:16 iter:700/801 87.39% lr:0.000087 loss:0.664986 ETA:1.0min
[train] epoch:16 iter:750/801 93.63% lr:0.000085 loss:0.679361 ETA:1.0min
[train] epoch:16 iter:800/801 99.88% lr:0.000083 loss:0.663237 ETA:0.0min
[val] epoch:16 miou:0.45
[save] Best Model saved at epoch:16 =============================
[train] epoch:17 iter:0/801 0.00% lr:0.000083 loss:0.660422 ETA:11.0min
[train] epoch:17 iter:50/801 6.24% lr:0.000080 loss:0.673350 ETA:6.0min
[train] epoch:17 iter:100/801 12.48% lr:0.000078 loss:0.672077 ETA:6.0min
[train] epoch:17 iter:150/801 18.73% lr:0.000076 loss:0.681317 ETA:6.0min
[train] epoch:17 iter:200/801 24.97% lr:0.000074 loss:0.682712 ETA:6.0min
[train] epoch:17 iter:250/801 31.21% lr:0.000072 loss:0.684922 ETA:5.0min
[train] epoch:17 iter:300/801 37.45% lr:0.000071 loss:0.665144 ETA:5.0min
[train] epoch:17 iter:350/801 43.70% lr:0.000069 loss:0.668925 ETA:4.0min
[train] epoch:17 iter:400/801 49.94% lr:0.000067 loss:0.671016 ETA:4.0min
[train] epoch:17 iter:450/801 56.18% lr:0.000065 loss:0.671500 ETA:3.0min
[train] epoch:17 iter:500/801 62.42% lr:0.000063 loss:0.681849 ETA:3.0min
[train] epoch:17 iter:550/801 68.66% lr:0.000061 loss:0.660821 ETA:3.0min
[train] epoch:17 iter:600/801 74.91% lr:0.000059 loss:0.672973 ETA:2.0min
[train] epoch:17 iter:650/801 81.15% lr:0.000058 loss:0.669866 ETA:2.0min
[train] epoch:17 iter:700/801 87.39% lr:0.000056 loss:0.663866 ETA:1.0min
[train] epoch:17 iter:750/801 93.63% lr:0.000054 loss:0.682406 ETA:1.0min
[train] epoch:17 iter:800/801 99.88% lr:0.000053 loss:0.671993 ETA:0.0min
[val] epoch:17 miou:0.46
[save] Best Model saved at epoch:17 =============================
[train] epoch:18 iter:0/801 0.00% lr:0.000052 loss:0.724690 ETA:11.0min
[train] epoch:18 iter:50/801 6.24% lr:0.000051 loss:0.663783 ETA:6.0min
[train] epoch:18 iter:100/801 12.48% lr:0.000049 loss:0.672039 ETA:7.0min
[train] epoch:18 iter:150/801 18.73% lr:0.000048 loss:0.675881 ETA:6.0min
[train] epoch:18 iter:200/801 24.97% lr:0.000046 loss:0.673600 ETA:6.0min
[train] epoch:18 iter:250/801 31.21% lr:0.000044 loss:0.675080 ETA:5.0min
[train] epoch:18 iter:300/801 37.45% lr:0.000043 loss:0.679863 ETA:5.0min
[train] epoch:18 iter:350/801 43.70% lr:0.000041 loss:0.679597 ETA:4.0min
[train] epoch:18 iter:400/801 49.94% lr:0.000040 loss:0.668422 ETA:4.0min
[train] epoch:18 iter:450/801 56.18% lr:0.000039 loss:0.660056 ETA:3.0min
[train] epoch:18 iter:500/801 62.42% lr:0.000037 loss:0.670330 ETA:3.0min
[train] epoch:18 iter:550/801 68.66% lr:0.000036 loss:0.662465 ETA:2.0min
[train] epoch:18 iter:600/801 74.91% lr:0.000034 loss:0.655572 ETA:2.0min
[train] epoch:18 iter:650/801 81.15% lr:0.000033 loss:0.665922 ETA:2.0min
[train] epoch:18 iter:700/801 87.39% lr:0.000032 loss:0.670898 ETA:1.0min
[train] epoch:18 iter:750/801 93.63% lr:0.000031 loss:0.658770 ETA:1.0min
[train] epoch:18 iter:800/801 99.88% lr:0.000029 loss:0.661773 ETA:0.0min
[val] epoch:18 miou:0.46
[save] Best Model saved at epoch:18 =============================
[train] epoch:19 iter:0/801 0.00% lr:0.000029 loss:0.765359 ETA:12.0min
[train] epoch:19 iter:50/801 6.24% lr:0.000028 loss:0.661022 ETA:6.0min
[train] epoch:19 iter:100/801 12.48% lr:0.000027 loss:0.663103 ETA:7.0min
[train] epoch:19 iter:150/801 18.73% lr:0.000026 loss:0.668194 ETA:6.0min
[train] epoch:19 iter:200/801 24.97% lr:0.000025 loss:0.671047 ETA:6.0min
[train] epoch:19 iter:250/801 31.21% lr:0.000024 loss:0.670149 ETA:5.0min
[train] epoch:19 iter:300/801 37.45% lr:0.000023 loss:0.666011 ETA:5.0min
[train] epoch:19 iter:350/801 43.70% lr:0.000022 loss:0.669947 ETA:4.0min
[train] epoch:19 iter:400/801 49.94% lr:0.000021 loss:0.661018 ETA:4.0min
[train] epoch:19 iter:450/801 56.18% lr:0.000020 loss:0.668349 ETA:3.0min
[train] epoch:19 iter:500/801 62.42% lr:0.000019 loss:0.664512 ETA:3.0min
[train] epoch:19 iter:550/801 68.66% lr:0.000018 loss:0.665368 ETA:2.0min
[train] epoch:19 iter:600/801 74.91% lr:0.000018 loss:0.668477 ETA:2.0min
[train] epoch:19 iter:650/801 81.15% lr:0.000017 loss:0.655169 ETA:2.0min
[train] epoch:19 iter:700/801 87.39% lr:0.000016 loss:0.662665 ETA:1.0min
[train] epoch:19 iter:750/801 93.63% lr:0.000016 loss:0.679164 ETA:1.0min
[train] epoch:19 iter:800/801 99.88% lr:0.000015 loss:0.665983 ETA:0.0min
[val] epoch:19 miou:0.46
[save] Best Model saved at epoch:19 =============================
[train] epoch:20 iter:0/801 0.00% lr:0.000015 loss:0.727370 ETA:12.0min
[train] epoch:20 iter:50/801 6.24% lr:0.000014 loss:0.666564 ETA:6.0min
[train] epoch:20 iter:100/801 12.48% lr:0.000014 loss:0.673841 ETA:7.0min
[train] epoch:20 iter:150/801 18.73% lr:0.000013 loss:0.658129 ETA:6.0min
[train] epoch:20 iter:200/801 24.97% lr:0.000013 loss:0.665221 ETA:6.0min
[train] epoch:20 iter:250/801 31.21% lr:0.000012 loss:0.674245 ETA:5.0min
[train] epoch:20 iter:300/801 37.45% lr:0.000012 loss:0.669605 ETA:5.0min
[train] epoch:20 iter:350/801 43.70% lr:0.000012 loss:0.674812 ETA:4.0min
[train] epoch:20 iter:400/801 49.94% lr:0.000011 loss:0.674924 ETA:4.0min
[train] epoch:20 iter:450/801 56.18% lr:0.000011 loss:0.671960 ETA:3.0min
[train] epoch:20 iter:500/801 62.42% lr:0.000011 loss:0.653110 ETA:3.0min
[train] epoch:20 iter:550/801 68.66% lr:0.000010 loss:0.669780 ETA:2.0min
[train] epoch:20 iter:600/801 74.91% lr:0.000010 loss:0.658376 ETA:2.0min
[train] epoch:20 iter:650/801 81.15% lr:0.000010 loss:0.670603 ETA:1.0min
[train] epoch:20 iter:700/801 87.39% lr:0.000010 loss:0.656702 ETA:1.0min
[train] epoch:20 iter:750/801 93.63% lr:0.000010 loss:0.663822 ETA:1.0min
[train] epoch:20 iter:800/801 99.88% lr:0.000010 loss:0.660897 ETA:0.0min
[val] epoch:20 miou:0.46
[save] Best Model saved at epoch:20 =============================
[train] epoch:21 iter:0/801 0.00% lr:0.000300 loss:0.670701 ETA:15.0min
[train] epoch:21 iter:50/801 6.24% lr:0.000300 loss:0.672596 ETA:9.0min
[train] epoch:21 iter:100/801 12.48% lr:0.000300 loss:0.674599 ETA:8.0min
[train] epoch:21 iter:150/801 18.73% lr:0.000300 loss:0.680449 ETA:8.0min
[train] epoch:21 iter:200/801 24.97% lr:0.000300 loss:0.668248 ETA:7.0min
[train] epoch:21 iter:250/801 31.21% lr:0.000300 loss:0.683810 ETA:7.0min
[train] epoch:21 iter:300/801 37.45% lr:0.000300 loss:0.683107 ETA:5.0min
[train] epoch:21 iter:350/801 43.70% lr:0.000300 loss:0.683833 ETA:5.0min
[train] epoch:21 iter:400/801 49.94% lr:0.000300 loss:0.684925 ETA:4.0min
[train] epoch:21 iter:450/801 56.18% lr:0.000300 loss:0.685367 ETA:4.0min
[train] epoch:21 iter:500/801 62.42% lr:0.000300 loss:0.681171 ETA:3.0min
[train] epoch:21 iter:550/801 68.66% lr:0.000299 loss:0.683983 ETA:3.0min
[train] epoch:21 iter:600/801 74.91% lr:0.000299 loss:0.679466 ETA:2.0min
[train] epoch:21 iter:650/801 81.15% lr:0.000299 loss:0.674046 ETA:2.0min
[train] epoch:21 iter:700/801 87.39% lr:0.000299 loss:0.680637 ETA:1.0min
[train] epoch:21 iter:750/801 93.63% lr:0.000299 loss:0.680433 ETA:1.0min
[train] epoch:21 iter:800/801 99.88% lr:0.000299 loss:0.683703 ETA:0.0min
[val] epoch:21 miou:0.42
[train] epoch:22 iter:0/801 0.00% lr:0.000299 loss:0.596461 ETA:13.0min
[train] epoch:22 iter:50/801 6.24% lr:0.000299 loss:0.669897 ETA:8.0min
[train] epoch:22 iter:100/801 12.48% lr:0.000298 loss:0.690532 ETA:6.0min
[train] epoch:22 iter:150/801 18.73% lr:0.000298 loss:0.697296 ETA:6.0min
[train] epoch:22 iter:200/801 24.97% lr:0.000298 loss:0.687363 ETA:6.0min
[train] epoch:22 iter:250/801 31.21% lr:0.000298 loss:0.687879 ETA:5.0min
[train] epoch:22 iter:300/801 37.45% lr:0.000298 loss:0.678340 ETA:5.0min
[train] epoch:22 iter:350/801 43.70% lr:0.000297 loss:0.684833 ETA:4.0min
[train] epoch:22 iter:400/801 49.94% lr:0.000297 loss:0.686232 ETA:4.0min
[train] epoch:22 iter:450/801 56.18% lr:0.000297 loss:0.680131 ETA:3.0min
[train] epoch:22 iter:500/801 62.42% lr:0.000297 loss:0.675375 ETA:3.0min
[train] epoch:22 iter:550/801 68.66% lr:0.000296 loss:0.677064 ETA:2.0min
[train] epoch:22 iter:600/801 74.91% lr:0.000296 loss:0.671017 ETA:2.0min
[train] epoch:22 iter:650/801 81.15% lr:0.000296 loss:0.677308 ETA:1.0min
[train] epoch:22 iter:700/801 87.39% lr:0.000296 loss:0.682058 ETA:1.0min
[train] epoch:22 iter:750/801 93.63% lr:0.000295 loss:0.678575 ETA:1.0min
[train] epoch:22 iter:800/801 99.88% lr:0.000295 loss:0.691001 ETA:0.0min
[val] epoch:22 miou:0.43
[train] epoch:23 iter:0/801 0.00% lr:0.000295 loss:0.672451 ETA:13.0min
[train] epoch:23 iter:50/801 6.24% lr:0.000295 loss:0.684052 ETA:7.0min
[train] epoch:23 iter:100/801 12.48% lr:0.000294 loss:0.680538 ETA:7.0min
[train] epoch:23 iter:150/801 18.73% lr:0.000294 loss:0.677717 ETA:6.0min
[train] epoch:23 iter:200/801 24.97% lr:0.000294 loss:0.683847 ETA:6.0min
[train] epoch:23 iter:250/801 31.21% lr:0.000293 loss:0.685256 ETA:5.0min
[train] epoch:23 iter:300/801 37.45% lr:0.000293 loss:0.672860 ETA:5.0min
[train] epoch:23 iter:350/801 43.70% lr:0.000293 loss:0.673662 ETA:4.0min
[train] epoch:23 iter:400/801 49.94% lr:0.000292 loss:0.685435 ETA:4.0min
[train] epoch:23 iter:450/801 56.18% lr:0.000292 loss:0.674645 ETA:4.0min
[train] epoch:23 iter:500/801 62.42% lr:0.000292 loss:0.690937 ETA:3.0min
[train] epoch:23 iter:550/801 68.66% lr:0.000291 loss:0.684200 ETA:3.0min
[train] epoch:23 iter:600/801 74.91% lr:0.000291 loss:0.688401 ETA:2.0min
[train] epoch:23 iter:650/801 81.15% lr:0.000290 loss:0.684328 ETA:2.0min
[train] epoch:23 iter:700/801 87.39% lr:0.000290 loss:0.670700 ETA:1.0min
[train] epoch:23 iter:750/801 93.63% lr:0.000289 loss:0.669174 ETA:1.0min
[train] epoch:23 iter:800/801 99.88% lr:0.000289 loss:0.676782 ETA:0.0min
[val] epoch:23 miou:0.44
[train] epoch:24 iter:0/801 0.00% lr:0.000289 loss:0.756681 ETA:13.0min
[train] epoch:24 iter:50/801 6.24% lr:0.000289 loss:0.682804 ETA:7.0min
[train] epoch:24 iter:100/801 12.48% lr:0.000288 loss:0.684308 ETA:7.0min
[train] epoch:24 iter:150/801 18.73% lr:0.000288 loss:0.683837 ETA:6.0min
[train] epoch:24 iter:200/801 24.97% lr:0.000287 loss:0.689590 ETA:6.0min
[train] epoch:24 iter:250/801 31.21% lr:0.000287 loss:0.670010 ETA:5.0min
[train] epoch:24 iter:300/801 37.45% lr:0.000286 loss:0.681079 ETA:5.0min
[train] epoch:24 iter:350/801 43.70% lr:0.000286 loss:0.679629 ETA:4.0min
[train] epoch:24 iter:400/801 49.94% lr:0.000285 loss:0.673713 ETA:4.0min
[train] epoch:24 iter:450/801 56.18% lr:0.000285 loss:0.674743 ETA:3.0min
[train] epoch:24 iter:500/801 62.42% lr:0.000284 loss:0.671194 ETA:3.0min
[train] epoch:24 iter:550/801 68.66% lr:0.000283 loss:0.687356 ETA:3.0min
[train] epoch:24 iter:600/801 74.91% lr:0.000283 loss:0.679370 ETA:2.0min
[train] epoch:24 iter:650/801 81.15% lr:0.000282 loss:0.681887 ETA:2.0min
[train] epoch:24 iter:700/801 87.39% lr:0.000282 loss:0.675888 ETA:1.0min
[train] epoch:24 iter:750/801 93.63% lr:0.000281 loss:0.673784 ETA:1.0min
[train] epoch:24 iter:800/801 99.88% lr:0.000281 loss:0.679770 ETA:0.0min
[val] epoch:24 miou:0.44
[train] epoch:25 iter:0/801 0.00% lr:0.000281 loss:0.674767 ETA:12.0min
[train] epoch:25 iter:50/801 6.24% lr:0.000280 loss:0.677575 ETA:7.0min
[train] epoch:25 iter:100/801 12.48% lr:0.000279 loss:0.677387 ETA:7.0min
[train] epoch:25 iter:150/801 18.73% lr:0.000279 loss:0.672525 ETA:6.0min
[train] epoch:25 iter:200/801 24.97% lr:0.000278 loss:0.674515 ETA:6.0min
[train] epoch:25 iter:250/801 31.21% lr:0.000278 loss:0.692801 ETA:5.0min
[train] epoch:25 iter:300/801 37.45% lr:0.000277 loss:0.680699 ETA:5.0min
[train] epoch:25 iter:350/801 43.70% lr:0.000276 loss:0.676368 ETA:4.0min
[train] epoch:25 iter:400/801 49.94% lr:0.000276 loss:0.667307 ETA:4.0min
[train] epoch:25 iter:450/801 56.18% lr:0.000275 loss:0.686589 ETA:3.0min
[train] epoch:25 iter:500/801 62.42% lr:0.000274 loss:0.688520 ETA:3.0min
[train] epoch:25 iter:550/801 68.66% lr:0.000274 loss:0.672535 ETA:3.0min
[train] epoch:25 iter:600/801 74.91% lr:0.000273 loss:0.685602 ETA:2.0min
[train] epoch:25 iter:650/801 81.15% lr:0.000272 loss:0.683488 ETA:2.0min
[train] epoch:25 iter:700/801 87.39% lr:0.000271 loss:0.672864 ETA:1.0min
[train] epoch:25 iter:750/801 93.63% lr:0.000271 loss:0.674107 ETA:1.0min
[train] epoch:25 iter:800/801 99.88% lr:0.000270 loss:0.672501 ETA:0.0min
[val] epoch:25 miou:0.44
[train] epoch:26 iter:0/801 0.00% lr:0.000270 loss:0.703827 ETA:13.0min
[train] epoch:26 iter:50/801 6.24% lr:0.000269 loss:0.673078 ETA:6.0min
[train] epoch:26 iter:100/801 12.48% lr:0.000269 loss:0.670217 ETA:7.0min
[train] epoch:26 iter:150/801 18.73% lr:0.000268 loss:0.674551 ETA:6.0min
[train] epoch:26 iter:200/801 24.97% lr:0.000267 loss:0.672767 ETA:6.0min
[train] epoch:26 iter:250/801 31.21% lr:0.000266 loss:0.673213 ETA:5.0min
[train] epoch:26 iter:300/801 37.45% lr:0.000266 loss:0.667814 ETA:5.0min
[train] epoch:26 iter:350/801 43.70% lr:0.000265 loss:0.672953 ETA:4.0min
[train] epoch:26 iter:400/801 49.94% lr:0.000264 loss:0.673643 ETA:4.0min
[train] epoch:26 iter:450/801 56.18% lr:0.000263 loss:0.682086 ETA:3.0min
[train] epoch:26 iter:500/801 62.42% lr:0.000262 loss:0.671889 ETA:3.0min
[train] epoch:26 iter:550/801 68.66% lr:0.000262 loss:0.668350 ETA:2.0min
[train] epoch:26 iter:600/801 74.91% lr:0.000261 loss:0.678732 ETA:2.0min
[train] epoch:26 iter:650/801 81.15% lr:0.000260 loss:0.679073 ETA:2.0min
[train] epoch:26 iter:700/801 87.39% lr:0.000259 loss:0.683784 ETA:1.0min
[train] epoch:26 iter:750/801 93.63% lr:0.000258 loss:0.680862 ETA:1.0min
[train] epoch:26 iter:800/801 99.88% lr:0.000258 loss:0.672866 ETA:0.0min
[val] epoch:26 miou:0.46
[train] epoch:27 iter:0/801 0.00% lr:0.000258 loss:0.693657 ETA:12.0min
[train] epoch:27 iter:50/801 6.24% lr:0.000257 loss:0.666027 ETA:7.0min
[train] epoch:27 iter:100/801 12.48% lr:0.000256 loss:0.680337 ETA:7.0min
[train] epoch:27 iter:150/801 18.73% lr:0.000255 loss:0.662478 ETA:6.0min
[train] epoch:27 iter:200/801 24.97% lr:0.000254 loss:0.664629 ETA:6.0min
[train] epoch:27 iter:250/801 31.21% lr:0.000253 loss:0.676242 ETA:5.0min
[train] epoch:27 iter:300/801 37.45% lr:0.000252 loss:0.676722 ETA:5.0min
[train] epoch:27 iter:350/801 43.70% lr:0.000252 loss:0.674151 ETA:4.0min
[train] epoch:27 iter:400/801 49.94% lr:0.000251 loss:0.666218 ETA:4.0min
[train] epoch:27 iter:450/801 56.18% lr:0.000250 loss:0.670345 ETA:3.0min
[train] epoch:27 iter:500/801 62.42% lr:0.000249 loss:0.661185 ETA:3.0min
[train] epoch:27 iter:550/801 68.66% lr:0.000248 loss:0.663953 ETA:3.0min
[train] epoch:27 iter:600/801 74.91% lr:0.000247 loss:0.667726 ETA:2.0min
[train] epoch:27 iter:650/801 81.15% lr:0.000246 loss:0.669999 ETA:2.0min
[train] epoch:27 iter:700/801 87.39% lr:0.000245 loss:0.685320 ETA:1.0min
[train] epoch:27 iter:750/801 93.63% lr:0.000244 loss:0.680953 ETA:1.0min
[train] epoch:27 iter:800/801 99.88% lr:0.000243 loss:0.662233 ETA:0.0min
[val] epoch:27 miou:0.46
[train] epoch:28 iter:0/801 0.00% lr:0.000243 loss:0.665680 ETA:13.0min
[train] epoch:28 iter:50/801 6.24% lr:0.000242 loss:0.654763 ETA:7.0min
[train] epoch:28 iter:100/801 12.48% lr:0.000241 loss:0.672575 ETA:7.0min
[train] epoch:28 iter:150/801 18.73% lr:0.000240 loss:0.678408 ETA:6.0min
[train] epoch:28 iter:200/801 24.97% lr:0.000239 loss:0.661848 ETA:6.0min
[train] epoch:28 iter:250/801 31.21% lr:0.000238 loss:0.666538 ETA:5.0min
[train] epoch:28 iter:300/801 37.45% lr:0.000238 loss:0.661800 ETA:5.0min
[train] epoch:28 iter:350/801 43.70% lr:0.000237 loss:0.665261 ETA:4.0min
[train] epoch:28 iter:400/801 49.94% lr:0.000236 loss:0.673915 ETA:4.0min
[train] epoch:28 iter:450/801 56.18% lr:0.000235 loss:0.671030 ETA:3.0min
[train] epoch:28 iter:500/801 62.42% lr:0.000234 loss:0.672081 ETA:3.0min
[train] epoch:28 iter:550/801 68.66% lr:0.000233 loss:0.667116 ETA:3.0min
[train] epoch:28 iter:600/801 74.91% lr:0.000232 loss:0.662431 ETA:2.0min
[train] epoch:28 iter:650/801 81.15% lr:0.000231 loss:0.668664 ETA:2.0min
[train] epoch:28 iter:700/801 87.39% lr:0.000230 loss:0.675433 ETA:1.0min
[train] epoch:28 iter:750/801 93.63% lr:0.000229 loss:0.683303 ETA:1.0min
[train] epoch:28 iter:800/801 99.88% lr:0.000228 loss:0.669049 ETA:0.0min
[val] epoch:28 miou:0.46
[train] epoch:29 iter:0/801 0.00% lr:0.000227 loss:0.682983 ETA:15.0min
[train] epoch:29 iter:50/801 6.24% lr:0.000226 loss:0.661521 ETA:7.0min
[train] epoch:29 iter:100/801 12.48% lr:0.000225 loss:0.661790 ETA:7.0min
[train] epoch:29 iter:150/801 18.73% lr:0.000224 loss:0.659729 ETA:6.0min
[train] epoch:29 iter:200/801 24.97% lr:0.000223 loss:0.665535 ETA:6.0min
[train] epoch:29 iter:250/801 31.21% lr:0.000222 loss:0.669182 ETA:5.0min
[train] epoch:29 iter:300/801 37.45% lr:0.000221 loss:0.648332 ETA:5.0min
[train] epoch:29 iter:350/801 43.70% lr:0.000220 loss:0.676119 ETA:4.0min
[train] epoch:29 iter:400/801 49.94% lr:0.000219 loss:0.667549 ETA:4.0min
[train] epoch:29 iter:450/801 56.18% lr:0.000218 loss:0.664344 ETA:3.0min
[train] epoch:29 iter:500/801 62.42% lr:0.000217 loss:0.671824 ETA:3.0min
[train] epoch:29 iter:550/801 68.66% lr:0.000216 loss:0.658894 ETA:2.0min
[train] epoch:29 iter:600/801 74.91% lr:0.000215 loss:0.672863 ETA:2.0min
[train] epoch:29 iter:650/801 81.15% lr:0.000214 loss:0.664461 ETA:2.0min
[train] epoch:29 iter:700/801 87.39% lr:0.000213 loss:0.663975 ETA:1.0min
[train] epoch:29 iter:750/801 93.63% lr:0.000212 loss:0.672612 ETA:1.0min
[train] epoch:29 iter:800/801 99.88% lr:0.000211 loss:0.668892 ETA:0.0min
[val] epoch:29 miou:0.46
[save] Best Model saved at epoch:29 =============================
[train] epoch:30 iter:0/801 0.00% lr:0.000210 loss:0.676240 ETA:11.0min
[train] epoch:30 iter:50/801 6.24% lr:0.000209 loss:0.666532 ETA:6.0min
[train] epoch:30 iter:100/801 12.48% lr:0.000208 loss:0.664049 ETA:6.0min
[train] epoch:30 iter:150/801 18.73% lr:0.000207 loss:0.667734 ETA:6.0min
[train] epoch:30 iter:200/801 24.97% lr:0.000206 loss:0.670068 ETA:6.0min
[train] epoch:30 iter:250/801 31.21% lr:0.000205 loss:0.665675 ETA:5.0min
[train] epoch:30 iter:300/801 37.45% lr:0.000204 loss:0.655175 ETA:5.0min
[train] epoch:30 iter:350/801 43.70% lr:0.000203 loss:0.661049 ETA:4.0min
[train] epoch:30 iter:400/801 49.94% lr:0.000202 loss:0.650943 ETA:4.0min
[train] epoch:30 iter:450/801 56.18% lr:0.000200 loss:0.666546 ETA:3.0min
[train] epoch:30 iter:500/801 62.42% lr:0.000199 loss:0.661936 ETA:3.0min
[train] epoch:30 iter:550/801 68.66% lr:0.000198 loss:0.658845 ETA:2.0min
[train] epoch:30 iter:600/801 74.91% lr:0.000197 loss:0.662321 ETA:2.0min
[train] epoch:30 iter:650/801 81.15% lr:0.000196 loss:0.665154 ETA:2.0min
[train] epoch:30 iter:700/801 87.39% lr:0.000195 loss:0.660363 ETA:1.0min
[train] epoch:30 iter:750/801 93.63% lr:0.000194 loss:0.663909 ETA:1.0min
[train] epoch:30 iter:800/801 99.88% lr:0.000193 loss:0.660954 ETA:0.0min
[val] epoch:30 miou:0.47
[save] Best Model saved at epoch:30 =============================
[train] epoch:31 iter:0/801 0.00% lr:0.000193 loss:0.667792 ETA:11.0min
[train] epoch:31 iter:50/801 6.24% lr:0.000191 loss:0.664075 ETA:5.0min
[train] epoch:31 iter:100/801 12.48% lr:0.000190 loss:0.659463 ETA:6.0min
[train] epoch:31 iter:150/801 18.73% lr:0.000189 loss:0.660691 ETA:5.0min
[train] epoch:31 iter:200/801 24.97% lr:0.000188 loss:0.673080 ETA:5.0min
[train] epoch:31 iter:250/801 31.21% lr:0.000187 loss:0.646352 ETA:5.0min
[train] epoch:31 iter:300/801 37.45% lr:0.000186 loss:0.650667 ETA:5.0min
[train] epoch:31 iter:350/801 43.70% lr:0.000184 loss:0.659467 ETA:4.0min
[train] epoch:31 iter:400/801 49.94% lr:0.000183 loss:0.659036 ETA:4.0min
[train] epoch:31 iter:450/801 56.18% lr:0.000182 loss:0.652378 ETA:4.0min
[train] epoch:31 iter:500/801 62.42% lr:0.000181 loss:0.664530 ETA:3.0min
[train] epoch:31 iter:550/801 68.66% lr:0.000180 loss:0.658380 ETA:3.0min
[train] epoch:31 iter:600/801 74.91% lr:0.000179 loss:0.658657 ETA:2.0min
[train] epoch:31 iter:650/801 81.15% lr:0.000177 loss:0.661793 ETA:2.0min
[train] epoch:31 iter:700/801 87.39% lr:0.000176 loss:0.659448 ETA:1.0min
[train] epoch:31 iter:750/801 93.63% lr:0.000175 loss:0.662701 ETA:1.0min
[train] epoch:31 iter:800/801 99.88% lr:0.000174 loss:0.672110 ETA:0.0min
[val] epoch:31 miou:0.47
[save] Best Model saved at epoch:31 =============================
[train] epoch:32 iter:0/801 0.00% lr:0.000174 loss:0.627679 ETA:11.0min
[train] epoch:32 iter:50/801 6.24% lr:0.000173 loss:0.673773 ETA:5.0min
[train] epoch:32 iter:100/801 12.48% lr:0.000172 loss:0.659985 ETA:6.0min
[train] epoch:32 iter:150/801 18.73% lr:0.000170 loss:0.662753 ETA:6.0min
[train] epoch:32 iter:200/801 24.97% lr:0.000169 loss:0.648931 ETA:5.0min
[train] epoch:32 iter:250/801 31.21% lr:0.000168 loss:0.650898 ETA:5.0min
[train] epoch:32 iter:300/801 37.45% lr:0.000167 loss:0.671561 ETA:4.0min
[train] epoch:32 iter:350/801 43.70% lr:0.000166 loss:0.655493 ETA:3.0min
[train] epoch:32 iter:400/801 49.94% lr:0.000164 loss:0.652653 ETA:3.0min
[train] epoch:32 iter:450/801 56.18% lr:0.000163 loss:0.655225 ETA:4.0min
[train] epoch:32 iter:500/801 62.42% lr:0.000162 loss:0.652248 ETA:3.0min
[train] epoch:32 iter:550/801 68.66% lr:0.000161 loss:0.661613 ETA:3.0min
[train] epoch:32 iter:600/801 74.91% lr:0.000160 loss:0.644547 ETA:2.0min
[train] epoch:32 iter:650/801 81.15% lr:0.000159 loss:0.661290 ETA:2.0min
[train] epoch:32 iter:700/801 87.39% lr:0.000157 loss:0.666942 ETA:1.0min
[train] epoch:32 iter:750/801 93.63% lr:0.000156 loss:0.651695 ETA:1.0min
[train] epoch:32 iter:800/801 99.88% lr:0.000155 loss:0.654769 ETA:0.0min
[val] epoch:32 miou:0.49
[save] Best Model saved at epoch:32 =============================
[train] epoch:33 iter:0/801 0.00% lr:0.000155 loss:0.667617 ETA:11.0min
[train] epoch:33 iter:50/801 6.24% lr:0.000154 loss:0.657576 ETA:6.0min
[train] epoch:33 iter:100/801 12.48% lr:0.000153 loss:0.652714 ETA:7.0min
[train] epoch:33 iter:150/801 18.73% lr:0.000151 loss:0.662382 ETA:6.0min
[train] epoch:33 iter:200/801 24.97% lr:0.000150 loss:0.650595 ETA:6.0min
[train] epoch:33 iter:250/801 31.21% lr:0.000149 loss:0.651899 ETA:5.0min
[train] epoch:33 iter:300/801 37.45% lr:0.000148 loss:0.648770 ETA:5.0min
[train] epoch:33 iter:350/801 43.70% lr:0.000147 loss:0.649749 ETA:4.0min
[train] epoch:33 iter:400/801 49.94% lr:0.000146 loss:0.643497 ETA:4.0min
[train] epoch:33 iter:450/801 56.18% lr:0.000144 loss:0.651545 ETA:4.0min
[train] epoch:33 iter:500/801 62.42% lr:0.000143 loss:0.658876 ETA:3.0min
[train] epoch:33 iter:550/801 68.66% lr:0.000142 loss:0.659224 ETA:3.0min
[train] epoch:33 iter:600/801 74.91% lr:0.000141 loss:0.642917 ETA:2.0min
[train] epoch:33 iter:650/801 81.15% lr:0.000140 loss:0.655022 ETA:2.0min
[train] epoch:33 iter:700/801 87.39% lr:0.000138 loss:0.654988 ETA:1.0min
[train] epoch:33 iter:750/801 93.63% lr:0.000137 loss:0.662443 ETA:1.0min
[train] epoch:33 iter:800/801 99.88% lr:0.000136 loss:0.661533 ETA:0.0min
[val] epoch:33 miou:0.49
[save] Best Model saved at epoch:33 =============================
[train] epoch:34 iter:0/801 0.00% lr:0.000136 loss:0.701892 ETA:12.0min
[train] epoch:34 iter:50/801 6.24% lr:0.000135 loss:0.655216 ETA:7.0min
[train] epoch:34 iter:100/801 12.48% lr:0.000134 loss:0.648868 ETA:7.0min
[train] epoch:34 iter:150/801 18.73% lr:0.000133 loss:0.655616 ETA:6.0min
[train] epoch:34 iter:200/801 24.97% lr:0.000131 loss:0.652039 ETA:6.0min
[train] epoch:34 iter:250/801 31.21% lr:0.000130 loss:0.654659 ETA:5.0min
[train] epoch:34 iter:300/801 37.45% lr:0.000129 loss:0.649883 ETA:5.0min
[train] epoch:34 iter:350/801 43.70% lr:0.000128 loss:0.656436 ETA:4.0min
[train] epoch:34 iter:400/801 49.94% lr:0.000127 loss:0.647758 ETA:4.0min
[train] epoch:34 iter:450/801 56.18% lr:0.000126 loss:0.645278 ETA:4.0min
[train] epoch:34 iter:500/801 62.42% lr:0.000124 loss:0.655397 ETA:3.0min
[train] epoch:34 iter:550/801 68.66% lr:0.000123 loss:0.645793 ETA:3.0min
[train] epoch:34 iter:600/801 74.91% lr:0.000122 loss:0.643226 ETA:2.0min
[train] epoch:34 iter:650/801 81.15% lr:0.000121 loss:0.633209 ETA:2.0min
[train] epoch:34 iter:700/801 87.39% lr:0.000120 loss:0.650976 ETA:1.0min
[train] epoch:34 iter:750/801 93.63% lr:0.000119 loss:0.654142 ETA:1.0min
[train] epoch:34 iter:800/801 99.88% lr:0.000117 loss:0.665273 ETA:0.0min
[val] epoch:34 miou:0.49
[save] Best Model saved at epoch:34 =============================
[train] epoch:35 iter:0/801 0.00% lr:0.000117 loss:0.661468 ETA:11.0min
[train] epoch:35 iter:50/801 6.24% lr:0.000116 loss:0.645395 ETA:6.0min
[train] epoch:35 iter:100/801 12.48% lr:0.000115 loss:0.651598 ETA:6.0min
[train] epoch:35 iter:150/801 18.73% lr:0.000114 loss:0.645806 ETA:5.0min
[train] epoch:35 iter:200/801 24.97% lr:0.000113 loss:0.650500 ETA:5.0min
[train] epoch:35 iter:250/801 31.21% lr:0.000112 loss:0.652044 ETA:5.0min
[train] epoch:35 iter:300/801 37.45% lr:0.000111 loss:0.648929 ETA:4.0min
[train] epoch:35 iter:350/801 43.70% lr:0.000110 loss:0.645796 ETA:3.0min
[train] epoch:35 iter:400/801 49.94% lr:0.000108 loss:0.649278 ETA:3.0min
[train] epoch:35 iter:450/801 56.18% lr:0.000107 loss:0.645753 ETA:4.0min
[train] epoch:35 iter:500/801 62.42% lr:0.000106 loss:0.647905 ETA:3.0min
[train] epoch:35 iter:550/801 68.66% lr:0.000105 loss:0.648678 ETA:3.0min
[train] epoch:35 iter:600/801 74.91% lr:0.000104 loss:0.643525 ETA:2.0min
[train] epoch:35 iter:650/801 81.15% lr:0.000103 loss:0.640902 ETA:1.0min
[train] epoch:35 iter:700/801 87.39% lr:0.000102 loss:0.662704 ETA:1.0min
[train] epoch:35 iter:750/801 93.63% lr:0.000101 loss:0.647636 ETA:1.0min
[train] epoch:35 iter:800/801 99.88% lr:0.000100 loss:0.634961 ETA:0.0min
[val] epoch:35 miou:0.50
[save] Best Model saved at epoch:35 =============================
[train] epoch:36 iter:0/801 0.00% lr:0.000100 loss:0.641789 ETA:11.0min
[train] epoch:36 iter:50/801 6.24% lr:0.000098 loss:0.638301 ETA:6.0min
[train] epoch:36 iter:100/801 12.48% lr:0.000097 loss:0.652122 ETA:7.0min
[train] epoch:36 iter:150/801 18.73% lr:0.000096 loss:0.632241 ETA:5.0min
[train] epoch:36 iter:200/801 24.97% lr:0.000095 loss:0.643090 ETA:5.0min
[train] epoch:36 iter:250/801 31.21% lr:0.000094 loss:0.643137 ETA:4.0min
[train] epoch:36 iter:300/801 37.45% lr:0.000093 loss:0.647751 ETA:5.0min
[train] epoch:36 iter:350/801 43.70% lr:0.000092 loss:0.650972 ETA:3.0min
[train] epoch:36 iter:400/801 49.94% lr:0.000091 loss:0.646523 ETA:3.0min
[train] epoch:36 iter:450/801 56.18% lr:0.000090 loss:0.641007 ETA:3.0min
[train] epoch:36 iter:500/801 62.42% lr:0.000089 loss:0.656500 ETA:3.0min
[train] epoch:36 iter:550/801 68.66% lr:0.000088 loss:0.645485 ETA:2.0min
[train] epoch:36 iter:600/801 74.91% lr:0.000087 loss:0.639399 ETA:1.0min
[train] epoch:36 iter:650/801 81.15% lr:0.000086 loss:0.660605 ETA:2.0min
[train] epoch:36 iter:700/801 87.39% lr:0.000085 loss:0.643288 ETA:1.0min
[train] epoch:36 iter:750/801 93.63% lr:0.000084 loss:0.646393 ETA:1.0min
[train] epoch:36 iter:800/801 99.88% lr:0.000083 loss:0.646168 ETA:0.0min
[val] epoch:36 miou:0.50
[save] Best Model saved at epoch:36 =============================
[train] epoch:37 iter:0/801 0.00% lr:0.000083 loss:0.606053 ETA:11.0min
[train] epoch:37 iter:50/801 6.24% lr:0.000081 loss:0.653081 ETA:5.0min
[train] epoch:37 iter:100/801 12.48% lr:0.000080 loss:0.656977 ETA:6.0min
[train] epoch:37 iter:150/801 18.73% lr:0.000079 loss:0.644961 ETA:5.0min
[train] epoch:37 iter:200/801 24.97% lr:0.000078 loss:0.648563 ETA:6.0min
[train] epoch:37 iter:250/801 31.21% lr:0.000077 loss:0.641606 ETA:5.0min
[train] epoch:37 iter:300/801 37.45% lr:0.000076 loss:0.642708 ETA:5.0min
[train] epoch:37 iter:350/801 43.70% lr:0.000075 loss:0.636630 ETA:4.0min
[train] epoch:37 iter:400/801 49.94% lr:0.000074 loss:0.635608 ETA:4.0min
[train] epoch:37 iter:450/801 56.18% lr:0.000073 loss:0.649642 ETA:3.0min
[train] epoch:37 iter:500/801 62.42% lr:0.000072 loss:0.631538 ETA:3.0min
[train] epoch:37 iter:550/801 68.66% lr:0.000072 loss:0.636703 ETA:3.0min
[train] epoch:37 iter:600/801 74.91% lr:0.000071 loss:0.632410 ETA:2.0min
[train] epoch:37 iter:650/801 81.15% lr:0.000070 loss:0.647206 ETA:2.0min
[train] epoch:37 iter:700/801 87.39% lr:0.000069 loss:0.651129 ETA:1.0min
[train] epoch:37 iter:750/801 93.63% lr:0.000068 loss:0.649708 ETA:1.0min
[train] epoch:37 iter:800/801 99.88% lr:0.000067 loss:0.646393 ETA:0.0min
[val] epoch:37 miou:0.50
[train] epoch:38 iter:0/801 0.00% lr:0.000067 loss:0.719352 ETA:12.0min
[train] epoch:38 iter:50/801 6.24% lr:0.000066 loss:0.641648 ETA:7.0min
[train] epoch:38 iter:100/801 12.48% lr:0.000065 loss:0.642872 ETA:7.0min
[train] epoch:38 iter:150/801 18.73% lr:0.000064 loss:0.624858 ETA:6.0min
[train] epoch:38 iter:200/801 24.97% lr:0.000063 loss:0.650484 ETA:6.0min
[train] epoch:38 iter:250/801 31.21% lr:0.000062 loss:0.630021 ETA:5.0min
[train] epoch:38 iter:300/801 37.45% lr:0.000061 loss:0.652250 ETA:5.0min
[train] epoch:38 iter:350/801 43.70% lr:0.000060 loss:0.640355 ETA:4.0min
[train] epoch:38 iter:400/801 49.94% lr:0.000059 loss:0.632804 ETA:4.0min
[train] epoch:38 iter:450/801 56.18% lr:0.000059 loss:0.649513 ETA:3.0min
[train] epoch:38 iter:500/801 62.42% lr:0.000058 loss:0.647507 ETA:3.0min
[train] epoch:38 iter:550/801 68.66% lr:0.000057 loss:0.645603 ETA:3.0min
[train] epoch:38 iter:600/801 74.91% lr:0.000056 loss:0.630646 ETA:2.0min
[train] epoch:38 iter:650/801 81.15% lr:0.000055 loss:0.650620 ETA:2.0min
[train] epoch:38 iter:700/801 87.39% lr:0.000054 loss:0.633092 ETA:1.0min
[train] epoch:38 iter:750/801 93.63% lr:0.000053 loss:0.636086 ETA:1.0min
[train] epoch:38 iter:800/801 99.88% lr:0.000052 loss:0.641758 ETA:0.0min
[val] epoch:38 miou:0.51
[save] Best Model saved at epoch:38 =============================
[train] epoch:39 iter:0/801 0.00% lr:0.000052 loss:0.555742 ETA:11.0min
[train] epoch:39 iter:50/801 6.24% lr:0.000052 loss:0.643327 ETA:7.0min
[train] epoch:39 iter:100/801 12.48% lr:0.000051 loss:0.631119 ETA:7.0min
[train] epoch:39 iter:150/801 18.73% lr:0.000050 loss:0.637646 ETA:6.0min
[train] epoch:39 iter:200/801 24.97% lr:0.000049 loss:0.638637 ETA:6.0min
[train] epoch:39 iter:250/801 31.21% lr:0.000048 loss:0.640018 ETA:5.0min
[train] epoch:39 iter:300/801 37.45% lr:0.000048 loss:0.640318 ETA:5.0min
[train] epoch:39 iter:350/801 43.70% lr:0.000047 loss:0.647051 ETA:4.0min
[train] epoch:39 iter:400/801 49.94% lr:0.000046 loss:0.631413 ETA:4.0min
[train] epoch:39 iter:450/801 56.18% lr:0.000045 loss:0.645595 ETA:3.0min
[train] epoch:39 iter:500/801 62.42% lr:0.000044 loss:0.636376 ETA:3.0min
[train] epoch:39 iter:550/801 68.66% lr:0.000044 loss:0.634583 ETA:3.0min
[train] epoch:39 iter:600/801 74.91% lr:0.000043 loss:0.632571 ETA:2.0min
[train] epoch:39 iter:650/801 81.15% lr:0.000042 loss:0.632783 ETA:2.0min
[train] epoch:39 iter:700/801 87.39% lr:0.000041 loss:0.642392 ETA:1.0min
[train] epoch:39 iter:750/801 93.63% lr:0.000041 loss:0.647765 ETA:1.0min
[train] epoch:39 iter:800/801 99.88% lr:0.000040 loss:0.638856 ETA:0.0min
[val] epoch:39 miou:0.51
[train] epoch:40 iter:0/801 0.00% lr:0.000040 loss:0.730561 ETA:13.0min
[train] epoch:40 iter:50/801 6.24% lr:0.000039 loss:0.637814 ETA:6.0min
[train] epoch:40 iter:100/801 12.48% lr:0.000039 loss:0.636576 ETA:7.0min
[train] epoch:40 iter:150/801 18.73% lr:0.000038 loss:0.640403 ETA:6.0min
[train] epoch:40 iter:200/801 24.97% lr:0.000037 loss:0.638099 ETA:5.0min
[train] epoch:40 iter:250/801 31.21% lr:0.000036 loss:0.643142 ETA:5.0min
[train] epoch:40 iter:300/801 37.45% lr:0.000036 loss:0.627978 ETA:5.0min
[train] epoch:40 iter:350/801 43.70% lr:0.000035 loss:0.644468 ETA:4.0min
[train] epoch:40 iter:400/801 49.94% lr:0.000034 loss:0.634377 ETA:4.0min
[train] epoch:40 iter:450/801 56.18% lr:0.000034 loss:0.635881 ETA:4.0min
[train] epoch:40 iter:500/801 62.42% lr:0.000033 loss:0.642781 ETA:3.0min
[train] epoch:40 iter:550/801 68.66% lr:0.000033 loss:0.643602 ETA:3.0min
[train] epoch:40 iter:600/801 74.91% lr:0.000032 loss:0.628785 ETA:2.0min
[train] epoch:40 iter:650/801 81.15% lr:0.000031 loss:0.655220 ETA:2.0min
[train] epoch:40 iter:700/801 87.39% lr:0.000031 loss:0.645041 ETA:1.0min
[train] epoch:40 iter:750/801 93.63% lr:0.000030 loss:0.635707 ETA:1.0min
[train] epoch:40 iter:800/801 99.88% lr:0.000029 loss:0.638956 ETA:0.0min
[val] epoch:40 miou:0.51
[save] Best Model saved at epoch:40 =============================
[train] epoch:41 iter:0/801 0.00% lr:0.000029 loss:0.639472 ETA:11.0min
[train] epoch:41 iter:50/801 6.24% lr:0.000029 loss:0.645016 ETA:7.0min
[train] epoch:41 iter:100/801 12.48% lr:0.000028 loss:0.640980 ETA:7.0min
[train] epoch:41 iter:150/801 18.73% lr:0.000028 loss:0.632434 ETA:6.0min
[train] epoch:41 iter:200/801 24.97% lr:0.000027 loss:0.646767 ETA:6.0min
[train] epoch:41 iter:250/801 31.21% lr:0.000027 loss:0.640400 ETA:5.0min
[train] epoch:41 iter:300/801 37.45% lr:0.000026 loss:0.626743 ETA:5.0min
[train] epoch:41 iter:350/801 43.70% lr:0.000025 loss:0.630255 ETA:4.0min
[train] epoch:41 iter:400/801 49.94% lr:0.000025 loss:0.640444 ETA:4.0min
[train] epoch:41 iter:450/801 56.18% lr:0.000024 loss:0.631827 ETA:4.0min
[train] epoch:41 iter:500/801 62.42% lr:0.000024 loss:0.641251 ETA:3.0min
[train] epoch:41 iter:550/801 68.66% lr:0.000023 loss:0.644295 ETA:3.0min
[train] epoch:41 iter:600/801 74.91% lr:0.000023 loss:0.644261 ETA:2.0min
[train] epoch:41 iter:650/801 81.15% lr:0.000022 loss:0.637875 ETA:2.0min
[train] epoch:41 iter:700/801 87.39% lr:0.000022 loss:0.640267 ETA:1.0min
[train] epoch:41 iter:750/801 93.63% lr:0.000022 loss:0.635606 ETA:1.0min
[train] epoch:41 iter:800/801 99.88% lr:0.000021 loss:0.633336 ETA:0.0min
[val] epoch:41 miou:0.51
[save] Best Model saved at epoch:41 =============================
[train] epoch:42 iter:0/801 0.00% lr:0.000021 loss:0.551745 ETA:12.0min
[train] epoch:42 iter:50/801 6.24% lr:0.000021 loss:0.651714 ETA:6.0min
[train] epoch:42 iter:100/801 12.48% lr:0.000020 loss:0.651044 ETA:6.0min
[train] epoch:42 iter:150/801 18.73% lr:0.000020 loss:0.638852 ETA:5.0min
[train] epoch:42 iter:200/801 24.97% lr:0.000019 loss:0.632254 ETA:5.0min
[train] epoch:42 iter:250/801 31.21% lr:0.000019 loss:0.616755 ETA:4.0min
[train] epoch:42 iter:300/801 37.45% lr:0.000018 loss:0.637986 ETA:4.0min
[train] epoch:42 iter:350/801 43.70% lr:0.000018 loss:0.635144 ETA:3.0min
[train] epoch:42 iter:400/801 49.94% lr:0.000018 loss:0.625815 ETA:3.0min
[train] epoch:42 iter:450/801 56.18% lr:0.000017 loss:0.637738 ETA:4.0min
[train] epoch:42 iter:500/801 62.42% lr:0.000017 loss:0.638784 ETA:3.0min
[train] epoch:42 iter:550/801 68.66% lr:0.000017 loss:0.635643 ETA:3.0min
[train] epoch:42 iter:600/801 74.91% lr:0.000016 loss:0.638369 ETA:2.0min
[train] epoch:42 iter:650/801 81.15% lr:0.000016 loss:0.635342 ETA:2.0min
[train] epoch:42 iter:700/801 87.39% lr:0.000016 loss:0.639723 ETA:1.0min
[train] epoch:42 iter:750/801 93.63% lr:0.000015 loss:0.641767 ETA:1.0min
[train] epoch:42 iter:800/801 99.88% lr:0.000015 loss:0.646826 ETA:0.0min
[val] epoch:42 miou:0.51
[save] Best Model saved at epoch:42 =============================
[train] epoch:43 iter:0/801 0.00% lr:0.000015 loss:0.592318 ETA:11.0min
[train] epoch:43 iter:50/801 6.24% lr:0.000015 loss:0.633615 ETA:6.0min
[train] epoch:43 iter:100/801 12.48% lr:0.000014 loss:0.636437 ETA:6.0min
[train] epoch:43 iter:150/801 18.73% lr:0.000014 loss:0.640865 ETA:6.0min
[train] epoch:43 iter:200/801 24.97% lr:0.000014 loss:0.630447 ETA:6.0min
[train] epoch:43 iter:250/801 31.21% lr:0.000014 loss:0.634064 ETA:5.0min
[train] epoch:43 iter:300/801 37.45% lr:0.000013 loss:0.639597 ETA:5.0min
[train] epoch:43 iter:350/801 43.70% lr:0.000013 loss:0.625397 ETA:4.0min
[train] epoch:43 iter:400/801 49.94% lr:0.000013 loss:0.628865 ETA:4.0min
[train] epoch:43 iter:450/801 56.18% lr:0.000013 loss:0.633340 ETA:4.0min
[train] epoch:43 iter:500/801 62.42% lr:0.000012 loss:0.625209 ETA:3.0min
[train] epoch:43 iter:550/801 68.66% lr:0.000012 loss:0.638366 ETA:3.0min
[train] epoch:43 iter:600/801 74.91% lr:0.000012 loss:0.639442 ETA:2.0min
[train] epoch:43 iter:650/801 81.15% lr:0.000012 loss:0.634413 ETA:2.0min
[train] epoch:43 iter:700/801 87.39% lr:0.000012 loss:0.641254 ETA:1.0min
[train] epoch:43 iter:750/801 93.63% lr:0.000011 loss:0.646137 ETA:1.0min
[train] epoch:43 iter:800/801 99.88% lr:0.000011 loss:0.649906 ETA:0.0min
[val] epoch:43 miou:0.51
[save] Best Model saved at epoch:43 =============================
[train] epoch:44 iter:0/801 0.00% lr:0.000011 loss:0.718343 ETA:11.0min
[train] epoch:44 iter:50/801 6.24% lr:0.000011 loss:0.640207 ETA:5.0min
[train] epoch:44 iter:100/801 12.48% lr:0.000011 loss:0.628427 ETA:6.0min
[train] epoch:44 iter:150/801 18.73% lr:0.000011 loss:0.641264 ETA:6.0min
[train] epoch:44 iter:200/801 24.97% lr:0.000011 loss:0.633281 ETA:6.0min
[train] epoch:44 iter:250/801 31.21% lr:0.000011 loss:0.640874 ETA:5.0min
[train] epoch:44 iter:300/801 37.45% lr:0.000010 loss:0.640076 ETA:5.0min
[train] epoch:44 iter:350/801 43.70% lr:0.000010 loss:0.626701 ETA:4.0min
[train] epoch:44 iter:400/801 49.94% lr:0.000010 loss:0.639582 ETA:4.0min
[train] epoch:44 iter:450/801 56.18% lr:0.000010 loss:0.633590 ETA:4.0min
[train] epoch:44 iter:500/801 62.42% lr:0.000010 loss:0.621744 ETA:3.0min
[train] epoch:44 iter:550/801 68.66% lr:0.000010 loss:0.633422 ETA:3.0min
[train] epoch:44 iter:600/801 74.91% lr:0.000010 loss:0.636070 ETA:2.0min
[train] epoch:44 iter:650/801 81.15% lr:0.000010 loss:0.631808 ETA:2.0min
[train] epoch:44 iter:700/801 87.39% lr:0.000010 loss:0.638067 ETA:1.0min
[train] epoch:44 iter:750/801 93.63% lr:0.000010 loss:0.626340 ETA:1.0min
[train] epoch:44 iter:800/801 99.88% lr:0.000010 loss:0.631540 ETA:0.0min
[val] epoch:44 miou:0.51
[train] epoch:45 iter:0/801 0.00% lr:0.000300 loss:0.578580 ETA:14.0min
[train] epoch:45 iter:50/801 6.24% lr:0.000300 loss:0.653744 ETA:7.0min
[train] epoch:45 iter:100/801 12.48% lr:0.000300 loss:0.636511 ETA:7.0min
[train] epoch:45 iter:150/801 18.73% lr:0.000300 loss:0.655556 ETA:6.0min
[train] epoch:45 iter:200/801 24.97% lr:0.000300 loss:0.647733 ETA:6.0min
[train] epoch:45 iter:250/801 31.21% lr:0.000300 loss:0.644924 ETA:5.0min
